<?xml version="1.0" encoding="UTF-8"?>
<testng-results ignored="0" total="2" passed="2" failed="0" skipped="0">
  <reporter-output>
  </reporter-output>
  <suite started-at="2020-11-09T16:56:19 BOT" name="Default suite" finished-at="2020-11-09T16:56:22 BOT" duration-ms="2303">
    <groups>
    </groups>
    <test started-at="2020-11-09T16:56:19 BOT" name="Default test" finished-at="2020-11-09T16:56:22 BOT" duration-ms="2303">
      <class name="com.PracRest.Test01Get">
        <test-method signature="test_01()[pri:0, instance:com.PracRest.Test01Get@c0c2f8d]" started-at="2020-11-09T16:56:19 BOT" name="test_01" finished-at="2020-11-09T16:56:21 BOT" duration-ms="1605" status="PASS">
          <reporter-output>
          </reporter-output>
        </test-method> <!-- test_01 -->
        <test-method signature="test_02()[pri:0, instance:com.PracRest.Test01Get@c0c2f8d]" started-at="2020-11-09T16:56:21 BOT" name="test_02" finished-at="2020-11-09T16:56:22 BOT" duration-ms="652" status="PASS">
          <reporter-output>
          </reporter-output>
        </test-method> <!-- test_02 -->
      </class> <!-- com.PracRest.Test01Get -->
    </test> <!-- Default test -->
  </suite> <!-- Default suite -->
</testng-results>
